18-Jun-2025 11:45:58 INFO - HV000001: Hibernate Validator 8.0.2.Final
18-Jun-2025 11:45:58 INFO - Starting LibraryManagementSystemApplication using Java 21.0.7 with PID 18740 (C:\Users\kolloju.chandan\Downloads\LibraryManagementSystem\target\classes started by kolloju.chandan in C:\Users\kolloju.chandan\Downloads\LibraryManagementSystem)
18-Jun-2025 11:45:58 INFO - No active profile set, falling back to 1 default profile: "default"
18-Jun-2025 11:45:58 INFO - Bootstrapping Spring Data JPA repositories in DEFAULT mode.
18-Jun-2025 11:45:58 INFO - Finished Spring Data repository scanning in 65 ms. Found 5 JPA repository interfaces.
18-Jun-2025 11:45:59 INFO - Tomcat initialized with port 8080 (http)
18-Jun-2025 11:45:59 INFO - Initializing ProtocolHandler ["http-nio-8080"]
18-Jun-2025 11:45:59 INFO - Starting service [Tomcat]
18-Jun-2025 11:45:59 INFO - Starting Servlet engine: [Apache Tomcat/10.1.41]
18-Jun-2025 11:45:59 INFO - Initializing Spring embedded WebApplicationContext
18-Jun-2025 11:45:59 INFO - Root WebApplicationContext: initialization completed in 1184 ms
18-Jun-2025 11:45:59 INFO - HHH000204: Processing PersistenceUnitInfo [name: default]
18-Jun-2025 11:45:59 INFO - HHH000412: Hibernate ORM core version 6.6.15.Final
18-Jun-2025 11:45:59 INFO - HHH000026: Second-level cache disabled
18-Jun-2025 11:45:59 INFO - No LoadTimeWeaver setup: ignoring JPA class transformer
18-Jun-2025 11:46:00 INFO - HikariPool-1 - Starting...
18-Jun-2025 11:46:00 INFO - HikariPool-1 - Added connection org.postgresql.jdbc.PgConnection@708769b7
18-Jun-2025 11:46:00 INFO - HikariPool-1 - Start completed.
18-Jun-2025 11:46:00 INFO - HHH10001005: Database info:
	Database JDBC URL [Connecting through datasource 'HikariDataSource (HikariPool-1)']
	Database driver: undefined/unknown
	Database version: 17.5
	Autocommit mode: undefined/unknown
	Isolation level: undefined/unknown
	Minimum pool size: undefined/unknown
	Maximum pool size: undefined/unknown
18-Jun-2025 11:46:01 INFO - HHH000489: No JTA platform available (set 'hibernate.transaction.jta.platform' to enable JTA platform integration)
18-Jun-2025 11:46:01 INFO - Initialized JPA EntityManagerFactory for persistence unit 'default'
18-Jun-2025 11:46:01 WARN - spring.jpa.open-in-view is enabled by default. Therefore, database queries may be performed during view rendering. Explicitly configure spring.jpa.open-in-view to disable this warning
18-Jun-2025 11:46:02 INFO - Starting ProtocolHandler ["http-nio-8080"]
18-Jun-2025 11:46:02 INFO - Tomcat started on port 8080 (http) with context path '/'
18-Jun-2025 11:46:02 INFO - Started LibraryManagementSystemApplication in 4.262 seconds (process running for 5.018)
18-Jun-2025 11:54:11 INFO - Commencing graceful shutdown. Waiting for active requests to complete
18-Jun-2025 11:54:11 INFO - Graceful shutdown complete
18-Jun-2025 11:54:11 INFO - Closing JPA EntityManagerFactory for persistence unit 'default'
18-Jun-2025 11:54:11 INFO - HikariPool-1 - Shutdown initiated...
18-Jun-2025 11:54:11 INFO - HikariPool-1 - Shutdown completed.
18-Jun-2025 11:54:14 INFO - HV000001: Hibernate Validator 8.0.2.Final
18-Jun-2025 11:54:14 INFO - Starting LibraryManagementSystemApplication using Java 21.0.7 with PID 21396 (C:\Users\kolloju.chandan\Downloads\LibraryManagementSystem\target\classes started by kolloju.chandan in C:\Users\kolloju.chandan\Downloads\LibraryManagementSystem)
18-Jun-2025 11:54:14 INFO - No active profile set, falling back to 1 default profile: "default"
18-Jun-2025 11:54:15 INFO - Bootstrapping Spring Data JPA repositories in DEFAULT mode.
18-Jun-2025 11:54:15 INFO - Finished Spring Data repository scanning in 53 ms. Found 5 JPA repository interfaces.
18-Jun-2025 11:54:15 INFO - Tomcat initialized with port 8080 (http)
18-Jun-2025 11:54:15 INFO - Initializing ProtocolHandler ["http-nio-8080"]
18-Jun-2025 11:54:15 INFO - Starting service [Tomcat]
18-Jun-2025 11:54:15 INFO - Starting Servlet engine: [Apache Tomcat/10.1.41]
18-Jun-2025 11:54:16 INFO - Initializing Spring embedded WebApplicationContext
18-Jun-2025 11:54:16 INFO - Root WebApplicationContext: initialization completed in 1214 ms
18-Jun-2025 11:54:16 INFO - HHH000204: Processing PersistenceUnitInfo [name: default]
18-Jun-2025 11:54:16 INFO - HHH000412: Hibernate ORM core version 6.6.15.Final
18-Jun-2025 11:54:16 INFO - HHH000026: Second-level cache disabled
18-Jun-2025 11:54:16 INFO - No LoadTimeWeaver setup: ignoring JPA class transformer
18-Jun-2025 11:54:16 INFO - HikariPool-1 - Starting...
18-Jun-2025 11:54:16 INFO - HikariPool-1 - Added connection org.postgresql.jdbc.PgConnection@6caa4dc5
18-Jun-2025 11:54:16 INFO - HikariPool-1 - Start completed.
18-Jun-2025 11:54:16 INFO - HHH10001005: Database info:
	Database JDBC URL [Connecting through datasource 'HikariDataSource (HikariPool-1)']
	Database driver: undefined/unknown
	Database version: 17.5
	Autocommit mode: undefined/unknown
	Isolation level: undefined/unknown
	Minimum pool size: undefined/unknown
	Maximum pool size: undefined/unknown
18-Jun-2025 11:54:17 INFO - HHH000489: No JTA platform available (set 'hibernate.transaction.jta.platform' to enable JTA platform integration)
18-Jun-2025 11:54:18 INFO - Initialized JPA EntityManagerFactory for persistence unit 'default'
18-Jun-2025 11:54:18 WARN - spring.jpa.open-in-view is enabled by default. Therefore, database queries may be performed during view rendering. Explicitly configure spring.jpa.open-in-view to disable this warning
18-Jun-2025 11:54:18 INFO - Starting ProtocolHandler ["http-nio-8080"]
18-Jun-2025 11:54:19 INFO - Tomcat started on port 8080 (http) with context path '/'
18-Jun-2025 11:54:19 INFO - Started LibraryManagementSystemApplication in 4.65 seconds (process running for 5.477)
18-Jun-2025 11:54:27 INFO - Initializing Spring DispatcherServlet 'dispatcherServlet'
18-Jun-2025 11:54:27 INFO - Initializing Servlet 'dispatcherServlet'
18-Jun-2025 11:54:27 INFO - Completed initialization in 0 ms
18-Jun-2025 11:54:27 ERROR - com.gl.lms.exception.LibraryManagementSystemException: User Does not Exist!
18-Jun-2025 11:55:49 ERROR - com.gl.lms.exception.LibraryManagementSystemException: User Does not Exist!
18-Jun-2025 11:56:13 ERROR - com.gl.lms.exception.LibraryManagementSystemException: User Does not Exist!
18-Jun-2025 12:08:12 INFO - Commencing graceful shutdown. Waiting for active requests to complete
18-Jun-2025 12:08:12 INFO - Graceful shutdown complete
18-Jun-2025 12:08:12 INFO - Closing JPA EntityManagerFactory for persistence unit 'default'
18-Jun-2025 12:08:12 INFO - HikariPool-1 - Shutdown initiated...
18-Jun-2025 12:08:12 INFO - HikariPool-1 - Shutdown completed.
18-Jun-2025 14:33:37 INFO - HV000001: Hibernate Validator 8.0.2.Final
18-Jun-2025 14:33:37 INFO - Starting LibraryManagementSystemApplication using Java 21.0.7 with PID 11236 (C:\Users\kolloju.chandan\Downloads\LibraryManagementSystem\target\classes started by kolloju.chandan in C:\Users\kolloju.chandan\Downloads\LibraryManagementSystem)
18-Jun-2025 14:33:37 INFO - No active profile set, falling back to 1 default profile: "default"
18-Jun-2025 14:33:38 INFO - Bootstrapping Spring Data JPA repositories in DEFAULT mode.
18-Jun-2025 14:33:38 INFO - Finished Spring Data repository scanning in 56 ms. Found 5 JPA repository interfaces.
18-Jun-2025 14:33:38 INFO - Tomcat initialized with port 8080 (http)
18-Jun-2025 14:33:38 INFO - Initializing ProtocolHandler ["http-nio-8080"]
18-Jun-2025 14:33:38 INFO - Starting service [Tomcat]
18-Jun-2025 14:33:38 INFO - Starting Servlet engine: [Apache Tomcat/10.1.41]
18-Jun-2025 14:33:38 INFO - Initializing Spring embedded WebApplicationContext
18-Jun-2025 14:33:38 INFO - Root WebApplicationContext: initialization completed in 1190 ms
18-Jun-2025 14:33:38 INFO - HHH000204: Processing PersistenceUnitInfo [name: default]
18-Jun-2025 14:33:38 INFO - HHH000412: Hibernate ORM core version 6.6.15.Final
18-Jun-2025 14:33:38 INFO - HHH000026: Second-level cache disabled
18-Jun-2025 14:33:39 INFO - No LoadTimeWeaver setup: ignoring JPA class transformer
18-Jun-2025 14:33:39 INFO - HikariPool-1 - Starting...
18-Jun-2025 14:33:39 INFO - HikariPool-1 - Added connection org.postgresql.jdbc.PgConnection@25fa6889
18-Jun-2025 14:33:39 INFO - HikariPool-1 - Start completed.
18-Jun-2025 14:33:39 INFO - HHH10001005: Database info:
	Database JDBC URL [Connecting through datasource 'HikariDataSource (HikariPool-1)']
	Database driver: undefined/unknown
	Database version: 17.5
	Autocommit mode: undefined/unknown
	Isolation level: undefined/unknown
	Minimum pool size: undefined/unknown
	Maximum pool size: undefined/unknown
18-Jun-2025 14:33:40 INFO - HHH000489: No JTA platform available (set 'hibernate.transaction.jta.platform' to enable JTA platform integration)
18-Jun-2025 14:33:40 INFO - Initialized JPA EntityManagerFactory for persistence unit 'default'
18-Jun-2025 14:33:41 WARN - spring.jpa.open-in-view is enabled by default. Therefore, database queries may be performed during view rendering. Explicitly configure spring.jpa.open-in-view to disable this warning
18-Jun-2025 14:33:41 INFO - Starting ProtocolHandler ["http-nio-8080"]
18-Jun-2025 14:33:41 INFO - Tomcat started on port 8080 (http) with context path '/'
18-Jun-2025 14:33:41 INFO - Started LibraryManagementSystemApplication in 4.678 seconds (process running for 5.483)
18-Jun-2025 14:34:12 INFO - Initializing Spring DispatcherServlet 'dispatcherServlet'
18-Jun-2025 14:34:12 INFO - Initializing Servlet 'dispatcherServlet'
18-Jun-2025 14:34:12 INFO - Completed initialization in 3 ms
18-Jun-2025 14:34:12 ERROR - com.gl.lms.exception.LibraryManagementSystemException: User Does not Exist!
18-Jun-2025 14:34:43 INFO - Commencing graceful shutdown. Waiting for active requests to complete
18-Jun-2025 14:34:43 INFO - Graceful shutdown complete
18-Jun-2025 14:34:43 INFO - Closing JPA EntityManagerFactory for persistence unit 'default'
18-Jun-2025 14:34:43 INFO - HikariPool-1 - Shutdown initiated...
18-Jun-2025 14:34:43 INFO - HikariPool-1 - Shutdown completed.
19-Jun-2025 10:30:37 INFO - HV000001: Hibernate Validator 8.0.2.Final
19-Jun-2025 10:30:37 INFO - Starting LibraryManagementSystemApplication using Java 21.0.7 with PID 10856 (C:\Users\kolloju.chandan\Downloads\LibraryManagementSystem\target\classes started by kolloju.chandan in C:\Users\kolloju.chandan\Downloads\LibraryManagementSystem)
19-Jun-2025 10:30:37 INFO - No active profile set, falling back to 1 default profile: "default"
19-Jun-2025 10:30:39 INFO - Bootstrapping Spring Data JPA repositories in DEFAULT mode.
19-Jun-2025 10:30:39 INFO - Finished Spring Data repository scanning in 122 ms. Found 5 JPA repository interfaces.
19-Jun-2025 10:30:40 INFO - Tomcat initialized with port 8080 (http)
19-Jun-2025 10:30:40 INFO - Initializing ProtocolHandler ["http-nio-8080"]
19-Jun-2025 10:30:40 INFO - Starting service [Tomcat]
19-Jun-2025 10:30:40 INFO - Starting Servlet engine: [Apache Tomcat/10.1.41]
19-Jun-2025 10:30:40 INFO - Initializing Spring embedded WebApplicationContext
19-Jun-2025 10:30:40 INFO - Root WebApplicationContext: initialization completed in 2516 ms
19-Jun-2025 10:30:40 INFO - HHH000204: Processing PersistenceUnitInfo [name: default]
19-Jun-2025 10:30:40 INFO - HHH000412: Hibernate ORM core version 6.6.15.Final
19-Jun-2025 10:30:40 INFO - HHH000026: Second-level cache disabled
19-Jun-2025 10:30:41 INFO - No LoadTimeWeaver setup: ignoring JPA class transformer
19-Jun-2025 10:30:41 INFO - HikariPool-1 - Starting...
19-Jun-2025 10:30:41 INFO - HikariPool-1 - Added connection org.postgresql.jdbc.PgConnection@563843f1
19-Jun-2025 10:30:41 INFO - HikariPool-1 - Start completed.
19-Jun-2025 10:30:41 INFO - HHH10001005: Database info:
	Database JDBC URL [Connecting through datasource 'HikariDataSource (HikariPool-1)']
	Database driver: undefined/unknown
	Database version: 17.5
	Autocommit mode: undefined/unknown
	Isolation level: undefined/unknown
	Minimum pool size: undefined/unknown
	Maximum pool size: undefined/unknown
19-Jun-2025 10:30:43 INFO - HHH000489: No JTA platform available (set 'hibernate.transaction.jta.platform' to enable JTA platform integration)
19-Jun-2025 10:30:43 INFO - Initialized JPA EntityManagerFactory for persistence unit 'default'
19-Jun-2025 10:30:44 WARN - spring.jpa.open-in-view is enabled by default. Therefore, database queries may be performed during view rendering. Explicitly configure spring.jpa.open-in-view to disable this warning
19-Jun-2025 10:30:45 INFO - Starting ProtocolHandler ["http-nio-8080"]
19-Jun-2025 10:30:45 INFO - Tomcat started on port 8080 (http) with context path '/'
19-Jun-2025 10:30:45 INFO - Started LibraryManagementSystemApplication in 8.036 seconds (process running for 9.611)
19-Jun-2025 10:32:13 INFO - Initializing Spring DispatcherServlet 'dispatcherServlet'
19-Jun-2025 10:32:13 INFO - Initializing Servlet 'dispatcherServlet'
19-Jun-2025 10:32:13 INFO - Completed initialization in 1 ms
19-Jun-2025 10:32:13 INFO - Init duration for springdoc-openapi is: 290 ms
19-Jun-2025 10:38:46 ERROR - org.springframework.web.servlet.resource.NoResourceFoundException: No static resource v3/api-doc.
19-Jun-2025 10:38:46 ERROR - org.springframework.web.servlet.resource.NoResourceFoundException: No static resource favicon.ico.
19-Jun-2025 10:38:53 ERROR - org.springframework.web.servlet.resource.NoResourceFoundException: No static resource favicon.ico.
19-Jun-2025 11:15:28 WARN - HikariPool-1 - Thread starvation or clock leap detected (housekeeper delta=19m46s141ms734µs).
19-Jun-2025 11:38:24 INFO - Could not detect default configuration classes for test class [com.gl.lms.LibraryManagementSystemApplicationTests]: LibraryManagementSystemApplicationTests does not declare any static, non-private, non-final, nested classes annotated with @Configuration.
19-Jun-2025 11:38:24 INFO - Found @SpringBootConfiguration com.gl.lms.LibraryManagementSystemApplication for test class com.gl.lms.LibraryManagementSystemApplicationTests
19-Jun-2025 11:38:25 INFO - HV000001: Hibernate Validator 8.0.2.Final
19-Jun-2025 11:38:25 INFO - Starting LibraryManagementSystemApplicationTests using Java 21.0.7 with PID 22212 (started by kolloju.chandan in C:\Users\kolloju.chandan\Downloads\LibraryManagementSystem)
19-Jun-2025 11:38:25 INFO - No active profile set, falling back to 1 default profile: "default"
19-Jun-2025 11:38:26 INFO - Bootstrapping Spring Data JPA repositories in DEFAULT mode.
19-Jun-2025 11:38:26 INFO - Finished Spring Data repository scanning in 111 ms. Found 5 JPA repository interfaces.
19-Jun-2025 11:38:27 INFO - HHH000204: Processing PersistenceUnitInfo [name: default]
19-Jun-2025 11:38:27 INFO - HHH000412: Hibernate ORM core version 6.6.15.Final
19-Jun-2025 11:38:27 INFO - HHH000026: Second-level cache disabled
19-Jun-2025 11:38:27 INFO - No LoadTimeWeaver setup: ignoring JPA class transformer
19-Jun-2025 11:38:28 INFO - HikariPool-1 - Starting...
19-Jun-2025 11:38:28 INFO - HikariPool-1 - Added connection org.postgresql.jdbc.PgConnection@5855b0ed
19-Jun-2025 11:38:28 INFO - HikariPool-1 - Start completed.
19-Jun-2025 11:38:28 INFO - HHH10001005: Database info:
	Database JDBC URL [Connecting through datasource 'HikariDataSource (HikariPool-1)']
	Database driver: undefined/unknown
	Database version: 17.5
	Autocommit mode: undefined/unknown
	Isolation level: undefined/unknown
	Minimum pool size: undefined/unknown
	Maximum pool size: undefined/unknown
19-Jun-2025 11:38:29 INFO - HHH000489: No JTA platform available (set 'hibernate.transaction.jta.platform' to enable JTA platform integration)
19-Jun-2025 11:38:29 INFO - Initialized JPA EntityManagerFactory for persistence unit 'default'
19-Jun-2025 11:38:30 WARN - spring.jpa.open-in-view is enabled by default. Therefore, database queries may be performed during view rendering. Explicitly configure spring.jpa.open-in-view to disable this warning
19-Jun-2025 11:38:31 INFO - Started LibraryManagementSystemApplicationTests in 6.288 seconds (process running for 7.357)
19-Jun-2025 11:38:32 INFO - Closing JPA EntityManagerFactory for persistence unit 'default'
19-Jun-2025 11:38:32 INFO - HikariPool-1 - Shutdown initiated...
19-Jun-2025 11:38:32 INFO - HikariPool-1 - Shutdown completed.
19-Jun-2025 12:25:05 INFO - Commencing graceful shutdown. Waiting for active requests to complete
19-Jun-2025 12:25:05 INFO - Graceful shutdown complete
19-Jun-2025 12:25:05 INFO - Closing JPA EntityManagerFactory for persistence unit 'default'
19-Jun-2025 12:25:05 INFO - HikariPool-1 - Shutdown initiated...
19-Jun-2025 12:25:05 INFO - HikariPool-1 - Shutdown completed.
23-Jun-2025 09:25:27 INFO - HV000001: Hibernate Validator 8.0.2.Final
23-Jun-2025 09:25:27 INFO - Starting LibraryManagementSystemApplication using Java 21.0.7 with PID 3720 (C:\Users\kolloju.chandan\Downloads\LibraryManagementSystem\target\classes started by kolloju.chandan in C:\Users\kolloju.chandan\Downloads\LibraryManagementSystem)
23-Jun-2025 09:25:27 INFO - No active profile set, falling back to 1 default profile: "default"
23-Jun-2025 09:25:28 INFO - Bootstrapping Spring Data JPA repositories in DEFAULT mode.
23-Jun-2025 09:25:28 INFO - Finished Spring Data repository scanning in 84 ms. Found 5 JPA repository interfaces.
23-Jun-2025 09:25:29 INFO - Tomcat initialized with port 8080 (http)
23-Jun-2025 09:25:29 INFO - Initializing ProtocolHandler ["http-nio-8080"]
23-Jun-2025 09:25:29 INFO - Starting service [Tomcat]
23-Jun-2025 09:25:29 INFO - Starting Servlet engine: [Apache Tomcat/10.1.41]
23-Jun-2025 09:25:29 INFO - Initializing Spring embedded WebApplicationContext
23-Jun-2025 09:25:29 INFO - Root WebApplicationContext: initialization completed in 2076 ms
23-Jun-2025 09:25:29 INFO - HHH000204: Processing PersistenceUnitInfo [name: default]
23-Jun-2025 09:25:29 INFO - HHH000412: Hibernate ORM core version 6.6.15.Final
23-Jun-2025 09:25:29 INFO - HHH000026: Second-level cache disabled
23-Jun-2025 09:25:30 INFO - No LoadTimeWeaver setup: ignoring JPA class transformer
23-Jun-2025 09:25:30 INFO - HikariPool-1 - Starting...
23-Jun-2025 09:25:30 INFO - HikariPool-1 - Added connection org.postgresql.jdbc.PgConnection@7079f8f0
23-Jun-2025 09:25:30 INFO - HikariPool-1 - Start completed.
23-Jun-2025 09:25:30 INFO - HHH10001005: Database info:
	Database JDBC URL [Connecting through datasource 'HikariDataSource (HikariPool-1)']
	Database driver: undefined/unknown
	Database version: 17.5
	Autocommit mode: undefined/unknown
	Isolation level: undefined/unknown
	Minimum pool size: undefined/unknown
	Maximum pool size: undefined/unknown
23-Jun-2025 09:25:32 INFO - HHH000489: No JTA platform available (set 'hibernate.transaction.jta.platform' to enable JTA platform integration)
23-Jun-2025 09:25:32 INFO - Initialized JPA EntityManagerFactory for persistence unit 'default'
23-Jun-2025 09:25:33 WARN - spring.jpa.open-in-view is enabled by default. Therefore, database queries may be performed during view rendering. Explicitly configure spring.jpa.open-in-view to disable this warning
23-Jun-2025 09:25:33 INFO - Starting ProtocolHandler ["http-nio-8080"]
23-Jun-2025 09:25:33 INFO - Tomcat started on port 8080 (http) with context path '/'
23-Jun-2025 09:25:33 INFO - Started LibraryManagementSystemApplication in 7.251 seconds (process running for 8.57)
23-Jun-2025 09:25:35 INFO - Commencing graceful shutdown. Waiting for active requests to complete
23-Jun-2025 09:25:35 INFO - Graceful shutdown complete
23-Jun-2025 09:25:35 INFO - Closing JPA EntityManagerFactory for persistence unit 'default'
23-Jun-2025 09:25:35 INFO - HikariPool-1 - Shutdown initiated...
23-Jun-2025 09:25:35 INFO - HikariPool-1 - Shutdown completed.
11-Jul-2025 10:07:56 INFO - HV000001: Hibernate Validator 8.0.2.Final
11-Jul-2025 10:07:56 INFO - Starting LibraryManagementSystemApplication using Java 21.0.7 with PID 4408 (C:\Users\kolloju.chandan\Downloads\LibraryManagementSystem\target\classes started by kolloju.chandan in C:\Users\kolloju.chandan\Downloads\LibraryManagementSystem)
11-Jul-2025 10:07:56 INFO - No active profile set, falling back to 1 default profile: "default"
11-Jul-2025 10:07:57 INFO - Bootstrapping Spring Data JPA repositories in DEFAULT mode.
11-Jul-2025 10:07:57 INFO - Finished Spring Data repository scanning in 83 ms. Found 5 JPA repository interfaces.
11-Jul-2025 10:07:58 INFO - Tomcat initialized with port 8080 (http)
11-Jul-2025 10:07:58 INFO - Initializing ProtocolHandler ["http-nio-8080"]
11-Jul-2025 10:07:58 INFO - Starting service [Tomcat]
11-Jul-2025 10:07:58 INFO - Starting Servlet engine: [Apache Tomcat/10.1.41]
11-Jul-2025 10:07:58 INFO - Initializing Spring embedded WebApplicationContext
11-Jul-2025 10:07:58 INFO - Root WebApplicationContext: initialization completed in 2100 ms
11-Jul-2025 10:07:58 INFO - HHH000204: Processing PersistenceUnitInfo [name: default]
11-Jul-2025 10:07:58 INFO - HHH000412: Hibernate ORM core version 6.6.15.Final
11-Jul-2025 10:07:59 INFO - HHH000026: Second-level cache disabled
11-Jul-2025 10:07:59 INFO - No LoadTimeWeaver setup: ignoring JPA class transformer
11-Jul-2025 10:07:59 INFO - HikariPool-1 - Starting...
11-Jul-2025 10:08:00 INFO - HikariPool-1 - Added connection org.postgresql.jdbc.PgConnection@26c59348
11-Jul-2025 10:08:00 INFO - HikariPool-1 - Start completed.
11-Jul-2025 10:08:00 INFO - HHH10001005: Database info:
	Database JDBC URL [Connecting through datasource 'HikariDataSource (HikariPool-1)']
	Database driver: undefined/unknown
	Database version: 17.5
	Autocommit mode: undefined/unknown
	Isolation level: undefined/unknown
	Minimum pool size: undefined/unknown
	Maximum pool size: undefined/unknown
11-Jul-2025 10:08:01 INFO - HHH000489: No JTA platform available (set 'hibernate.transaction.jta.platform' to enable JTA platform integration)
11-Jul-2025 10:08:01 INFO - Initialized JPA EntityManagerFactory for persistence unit 'default'
11-Jul-2025 10:08:02 WARN - spring.jpa.open-in-view is enabled by default. Therefore, database queries may be performed during view rendering. Explicitly configure spring.jpa.open-in-view to disable this warning
11-Jul-2025 10:08:03 INFO - Starting ProtocolHandler ["http-nio-8080"]
11-Jul-2025 10:08:03 INFO - Tomcat started on port 8080 (http) with context path '/'
11-Jul-2025 10:08:03 INFO - Started LibraryManagementSystemApplication in 7.559 seconds (process running for 8.694)
11-Jul-2025 10:10:00 INFO - Initializing Spring DispatcherServlet 'dispatcherServlet'
11-Jul-2025 10:10:00 INFO - Initializing Servlet 'dispatcherServlet'
11-Jul-2025 10:10:00 INFO - Completed initialization in 3 ms
11-Jul-2025 10:10:00 ERROR - org.springframework.web.servlet.resource.NoResourceFoundException: No static resource api/fetchUser-and-IssuedLibraryCardByEmail/chandan@example.com.
11-Jul-2025 10:10:15 ERROR - org.springframework.web.servlet.resource.NoResourceFoundException: No static resource api/fetchUser-and-IssuedLibraryCardByEmail/chandan@example.com.
11-Jul-2025 10:10:25 ERROR - org.springframework.web.servlet.resource.NoResourceFoundException: No static resource api/fetchUser-and-IssuedLibraryCardByEmail/chandan@example.com.
11-Jul-2025 10:10:59 ERROR - org.springframework.web.servlet.resource.NoResourceFoundException: No static resource api/fetchUser-and-IssuedLibraryCardByEmail/chandan@example.com.
11-Jul-2025 10:11:01 ERROR - org.springframework.web.servlet.resource.NoResourceFoundException: No static resource api/fetchUser-and-IssuedLibraryCardByEmail/chandan@example.com.
11-Jul-2025 10:12:08 ERROR - org.springframework.web.servlet.resource.NoResourceFoundException: No static resource api/fetchUser-and-IssuedLibraryCardByEmail/chandan@gl.com.
11-Jul-2025 10:12:10 ERROR - org.springframework.web.servlet.resource.NoResourceFoundException: No static resource api/fetchUser-and-IssuedLibraryCardByEmail/chandan@gl.com.
11-Jul-2025 10:20:26 INFO - Commencing graceful shutdown. Waiting for active requests to complete
11-Jul-2025 10:20:26 INFO - Graceful shutdown complete
11-Jul-2025 10:20:26 INFO - Closing JPA EntityManagerFactory for persistence unit 'default'
11-Jul-2025 10:20:26 INFO - HikariPool-1 - Shutdown initiated...
11-Jul-2025 10:20:26 INFO - HikariPool-1 - Shutdown completed.
11-Jul-2025 10:20:34 INFO - HV000001: Hibernate Validator 8.0.2.Final
11-Jul-2025 10:20:34 INFO - Starting LibraryManagementSystemApplication using Java 21.0.7 with PID 17200 (C:\Users\kolloju.chandan\Downloads\LibraryManagementSystem\target\classes started by kolloju.chandan in C:\Users\kolloju.chandan\Downloads\LibraryManagementSystem)
11-Jul-2025 10:20:34 INFO - No active profile set, falling back to 1 default profile: "default"
11-Jul-2025 10:20:36 INFO - Bootstrapping Spring Data JPA repositories in DEFAULT mode.
11-Jul-2025 10:20:36 INFO - Finished Spring Data repository scanning in 118 ms. Found 5 JPA repository interfaces.
11-Jul-2025 10:20:37 INFO - Tomcat initialized with port 8080 (http)
11-Jul-2025 10:20:37 INFO - Initializing ProtocolHandler ["http-nio-8080"]
11-Jul-2025 10:20:37 INFO - Starting service [Tomcat]
11-Jul-2025 10:20:37 INFO - Starting Servlet engine: [Apache Tomcat/10.1.41]
11-Jul-2025 10:20:37 INFO - Initializing Spring embedded WebApplicationContext
11-Jul-2025 10:20:37 INFO - Root WebApplicationContext: initialization completed in 3266 ms
11-Jul-2025 10:20:38 INFO - HHH000204: Processing PersistenceUnitInfo [name: default]
11-Jul-2025 10:20:38 INFO - HHH000412: Hibernate ORM core version 6.6.15.Final
11-Jul-2025 10:20:38 INFO - HHH000026: Second-level cache disabled
11-Jul-2025 10:20:38 INFO - No LoadTimeWeaver setup: ignoring JPA class transformer
11-Jul-2025 10:20:38 INFO - HikariPool-1 - Starting...
11-Jul-2025 10:20:39 INFO - HikariPool-1 - Added connection org.postgresql.jdbc.PgConnection@4152bd0f
11-Jul-2025 10:20:39 INFO - HikariPool-1 - Start completed.
11-Jul-2025 10:20:39 INFO - HHH10001005: Database info:
	Database JDBC URL [Connecting through datasource 'HikariDataSource (HikariPool-1)']
	Database driver: undefined/unknown
	Database version: 17.5
	Autocommit mode: undefined/unknown
	Isolation level: undefined/unknown
	Minimum pool size: undefined/unknown
	Maximum pool size: undefined/unknown
11-Jul-2025 10:20:41 INFO - HHH000489: No JTA platform available (set 'hibernate.transaction.jta.platform' to enable JTA platform integration)
11-Jul-2025 10:20:42 INFO - Initialized JPA EntityManagerFactory for persistence unit 'default'
11-Jul-2025 10:20:43 WARN - spring.jpa.open-in-view is enabled by default. Therefore, database queries may be performed during view rendering. Explicitly configure spring.jpa.open-in-view to disable this warning
11-Jul-2025 10:20:44 INFO - Starting ProtocolHandler ["http-nio-8080"]
11-Jul-2025 10:20:44 INFO - Tomcat started on port 8080 (http) with context path '/'
11-Jul-2025 10:20:44 INFO - Started LibraryManagementSystemApplication in 10.697 seconds (process running for 12.717)
11-Jul-2025 10:21:19 INFO - Initializing Spring DispatcherServlet 'dispatcherServlet'
11-Jul-2025 10:21:19 INFO - Initializing Servlet 'dispatcherServlet'
11-Jul-2025 10:21:19 INFO - Completed initialization in 0 ms
11-Jul-2025 10:55:05 ERROR - jakarta.validation.ConstraintViolationException: fetchUserAndIssuedLibraryCardByEmail.email: email should be in valid formate!
11-Jul-2025 11:07:06 INFO - Commencing graceful shutdown. Waiting for active requests to complete
11-Jul-2025 11:07:06 INFO - Graceful shutdown complete
11-Jul-2025 11:07:06 INFO - Closing JPA EntityManagerFactory for persistence unit 'default'
11-Jul-2025 11:07:06 INFO - HikariPool-1 - Shutdown initiated...
11-Jul-2025 11:07:06 INFO - HikariPool-1 - Shutdown completed.
11-Jul-2025 11:07:10 INFO - HV000001: Hibernate Validator 8.0.2.Final
11-Jul-2025 11:07:10 INFO - Starting LibraryManagementSystemApplication using Java 21.0.7 with PID 15008 (C:\Users\kolloju.chandan\Downloads\LibraryManagementSystem\target\classes started by kolloju.chandan in C:\Users\kolloju.chandan\Downloads\LibraryManagementSystem)
11-Jul-2025 11:07:10 INFO - No active profile set, falling back to 1 default profile: "default"
11-Jul-2025 11:07:10 INFO - Bootstrapping Spring Data JPA repositories in DEFAULT mode.
11-Jul-2025 11:07:10 INFO - Finished Spring Data repository scanning in 55 ms. Found 5 JPA repository interfaces.
11-Jul-2025 11:07:11 INFO - Tomcat initialized with port 8080 (http)
11-Jul-2025 11:07:11 INFO - Initializing ProtocolHandler ["http-nio-8080"]
11-Jul-2025 11:07:11 INFO - Starting service [Tomcat]
11-Jul-2025 11:07:11 INFO - Starting Servlet engine: [Apache Tomcat/10.1.41]
11-Jul-2025 11:07:11 INFO - Initializing Spring embedded WebApplicationContext
11-Jul-2025 11:07:11 INFO - Root WebApplicationContext: initialization completed in 1321 ms
11-Jul-2025 11:07:11 INFO - HHH000204: Processing PersistenceUnitInfo [name: default]
11-Jul-2025 11:07:11 INFO - HHH000412: Hibernate ORM core version 6.6.15.Final
11-Jul-2025 11:07:11 INFO - HHH000026: Second-level cache disabled
11-Jul-2025 11:07:11 INFO - No LoadTimeWeaver setup: ignoring JPA class transformer
11-Jul-2025 11:07:11 INFO - HikariPool-1 - Starting...
11-Jul-2025 11:07:12 INFO - HikariPool-1 - Added connection org.postgresql.jdbc.PgConnection@4aeaff64
11-Jul-2025 11:07:12 INFO - HikariPool-1 - Start completed.
11-Jul-2025 11:07:12 INFO - HHH10001005: Database info:
	Database JDBC URL [Connecting through datasource 'HikariDataSource (HikariPool-1)']
	Database driver: undefined/unknown
	Database version: 17.5
	Autocommit mode: undefined/unknown
	Isolation level: undefined/unknown
	Minimum pool size: undefined/unknown
	Maximum pool size: undefined/unknown
11-Jul-2025 11:07:13 INFO - HHH000489: No JTA platform available (set 'hibernate.transaction.jta.platform' to enable JTA platform integration)
11-Jul-2025 11:07:13 INFO - Initialized JPA EntityManagerFactory for persistence unit 'default'
11-Jul-2025 11:07:13 WARN - spring.jpa.open-in-view is enabled by default. Therefore, database queries may be performed during view rendering. Explicitly configure spring.jpa.open-in-view to disable this warning
11-Jul-2025 11:07:14 INFO - Starting ProtocolHandler ["http-nio-8080"]
11-Jul-2025 11:07:14 INFO - Tomcat started on port 8080 (http) with context path '/'
11-Jul-2025 11:07:14 INFO - Started LibraryManagementSystemApplication in 4.572 seconds (process running for 5.316)
11-Jul-2025 11:07:18 INFO - Initializing Spring DispatcherServlet 'dispatcherServlet'
11-Jul-2025 11:07:18 INFO - Initializing Servlet 'dispatcherServlet'
11-Jul-2025 11:07:18 INFO - Completed initialization in 2 ms
11-Jul-2025 11:28:07 WARN - HikariPool-1 - Thread starvation or clock leap detected (housekeeper delta=20m24s833ms183µs200ns).
11-Jul-2025 11:59:40 ERROR - org.springframework.web.servlet.resource.NoResourceFoundException: No static resource LMS/fetchUser-and-IssuedLibraryCardByEmail.
11-Jul-2025 12:49:37 ERROR - com.gl.lms.exception.LibraryManagementSystemException: book not found!
11-Jul-2025 12:49:38 ERROR - com.gl.lms.exception.LibraryManagementSystemException: book not found!
11-Jul-2025 12:49:39 ERROR - com.gl.lms.exception.LibraryManagementSystemException: book not found!
11-Jul-2025 12:49:39 ERROR - com.gl.lms.exception.LibraryManagementSystemException: book not found!
11-Jul-2025 12:49:39 ERROR - com.gl.lms.exception.LibraryManagementSystemException: book not found!
11-Jul-2025 12:49:39 ERROR - com.gl.lms.exception.LibraryManagementSystemException: book not found!
11-Jul-2025 12:49:40 ERROR - com.gl.lms.exception.LibraryManagementSystemException: book not found!
11-Jul-2025 12:49:41 ERROR - com.gl.lms.exception.LibraryManagementSystemException: book not found!
11-Jul-2025 12:49:41 ERROR - com.gl.lms.exception.LibraryManagementSystemException: book not found!
11-Jul-2025 12:49:41 ERROR - com.gl.lms.exception.LibraryManagementSystemException: book not found!
11-Jul-2025 12:49:43 ERROR - com.gl.lms.exception.LibraryManagementSystemException: book not found!
11-Jul-2025 12:49:47 ERROR - jakarta.validation.ConstraintViolationException: fetchUserAndIssuedLibraryCardByEmail.email: email should be in valid formate!
11-Jul-2025 12:49:50 ERROR - com.gl.lms.exception.LibraryManagementSystemException: book not found!
11-Jul-2025 12:49:50 ERROR - com.gl.lms.exception.LibraryManagementSystemException: book not found!
11-Jul-2025 12:49:54 ERROR - com.gl.lms.exception.LibraryManagementSystemException: book not found!
11-Jul-2025 12:49:54 ERROR - com.gl.lms.exception.LibraryManagementSystemException: book not found!
11-Jul-2025 14:13:15 WARN - HikariPool-1 - Thread starvation or clock leap detected (housekeeper delta=1h23m37s253ms874µs200ns).
11-Jul-2025 14:23:39 WARN - HikariPool-1 - Thread starvation or clock leap detected (housekeeper delta=4m53s946ms636µs300ns).
11-Jul-2025 14:45:55 ERROR - com.gl.lms.exception.LibraryManagementSystemException: book not found!
11-Jul-2025 14:45:56 ERROR - com.gl.lms.exception.LibraryManagementSystemException: book not found!
11-Jul-2025 14:45:56 ERROR - com.gl.lms.exception.LibraryManagementSystemException: book not found!
11-Jul-2025 14:50:49 ERROR - com.gl.lms.exception.LibraryManagementSystemException: book not found!
11-Jul-2025 14:50:52 ERROR - jakarta.validation.ConstraintViolationException: fetchUserAndIssuedLibraryCardByEmail.email: email should be in valid formate!
11-Jul-2025 14:51:28 ERROR - org.springframework.web.servlet.resource.NoResourceFoundException: No static resource LMS/getAllReviewsOfBook.
11-Jul-2025 14:51:28 ERROR - org.springframework.web.servlet.resource.NoResourceFoundException: No static resource LMS/getAllReviewsOfBook.
11-Jul-2025 14:51:28 ERROR - org.springframework.web.servlet.resource.NoResourceFoundException: No static resource LMS/getAllReviewsOfBook.
11-Jul-2025 15:20:34 ERROR - org.springframework.web.bind.MethodArgumentNotValidException: Validation failed for argument [0] in public org.springframework.http.ResponseEntity<com.gl.lms.dto.ResponseDTO> com.gl.lms.controller.libraryManagementSystemController.addUserAndIssueLibraryCard(com.gl.lms.dto.UsersDTO) throws com.gl.lms.exception.LibraryManagementSystemException with 2 errors: [Field error in object 'usersDTO' on field 'libraryCardsDTO': rejected value [null]; codes [NotNull.usersDTO.libraryCardsDTO,NotNull.libraryCardsDTO,NotNull.com.gl.lms.dto.LibraryCardsDTO,NotNull]; arguments [org.springframework.context.support.DefaultMessageSourceResolvable: codes [usersDTO.libraryCardsDTO,libraryCardsDTO]; arguments []; default message [libraryCardsDTO]]; default message [libraryCardsDTO should not be Null!]] [Field error in object 'usersDTO' on field 'name': rejected value [chandan]; codes [Pattern.usersDTO.name,Pattern.name,Pattern.java.lang.String,Pattern]; arguments [org.springframework.context.support.DefaultMessageSourceResolvable: codes [usersDTO.name,name]; arguments []; default message [name],[Ljakarta.validation.constraints.Pattern$Flag;@1ea0003f,[A-Z][a-z]+\s[A-Z][a-z]+]; default message [Name should be exactly 2 words!]] 
11-Jul-2025 15:20:55 ERROR - org.springframework.web.bind.MethodArgumentNotValidException: Validation failed for argument [0] in public org.springframework.http.ResponseEntity<com.gl.lms.dto.ResponseDTO> com.gl.lms.controller.libraryManagementSystemController.addUserAndIssueLibraryCard(com.gl.lms.dto.UsersDTO) throws com.gl.lms.exception.LibraryManagementSystemException with 2 errors: [Field error in object 'usersDTO' on field 'name': rejected value [chandan ram]; codes [Pattern.usersDTO.name,Pattern.name,Pattern.java.lang.String,Pattern]; arguments [org.springframework.context.support.DefaultMessageSourceResolvable: codes [usersDTO.name,name]; arguments []; default message [name],[Ljakarta.validation.constraints.Pattern$Flag;@1ea0003f,[A-Z][a-z]+\s[A-Z][a-z]+]; default message [Name should be exactly 2 words!]] [Field error in object 'usersDTO' on field 'libraryCardsDTO': rejected value [null]; codes [NotNull.usersDTO.libraryCardsDTO,NotNull.libraryCardsDTO,NotNull.com.gl.lms.dto.LibraryCardsDTO,NotNull]; arguments [org.springframework.context.support.DefaultMessageSourceResolvable: codes [usersDTO.libraryCardsDTO,libraryCardsDTO]; arguments []; default message [libraryCardsDTO]]; default message [libraryCardsDTO should not be Null!]] 
11-Jul-2025 15:21:05 ERROR - org.springframework.web.bind.MethodArgumentNotValidException: Validation failed for argument [0] in public org.springframework.http.ResponseEntity<com.gl.lms.dto.ResponseDTO> com.gl.lms.controller.libraryManagementSystemController.addUserAndIssueLibraryCard(com.gl.lms.dto.UsersDTO) throws com.gl.lms.exception.LibraryManagementSystemException: [Field error in object 'usersDTO' on field 'libraryCardsDTO': rejected value [null]; codes [NotNull.usersDTO.libraryCardsDTO,NotNull.libraryCardsDTO,NotNull.com.gl.lms.dto.LibraryCardsDTO,NotNull]; arguments [org.springframework.context.support.DefaultMessageSourceResolvable: codes [usersDTO.libraryCardsDTO,libraryCardsDTO]; arguments []; default message [libraryCardsDTO]]; default message [libraryCardsDTO should not be Null!]] 
11-Jul-2025 15:21:12 ERROR - org.springframework.http.converter.HttpMessageNotReadableException: JSON parse error: Cannot deserialize value of type `com.gl.lms.dto.LibraryCardsDTO` from Array value (token `JsonToken.START_ARRAY`)
11-Jul-2025 16:08:28 WARN - HikariPool-1 - Thread starvation or clock leap detected (housekeeper delta=23m48s102ms474µs700ns).
11-Jul-2025 16:09:31 ERROR - org.springframework.web.bind.MethodArgumentNotValidException: Validation failed for argument [0] in public org.springframework.http.ResponseEntity<com.gl.lms.dto.ResponseDTO> com.gl.lms.controller.libraryManagementSystemController.addUserAndIssueLibraryCard(com.gl.lms.dto.UsersDTO) throws com.gl.lms.exception.LibraryManagementSystemException: [Field error in object 'usersDTO' on field 'name': rejected value [ram]; codes [Pattern.usersDTO.name,Pattern.name,Pattern.java.lang.String,Pattern]; arguments [org.springframework.context.support.DefaultMessageSourceResolvable: codes [usersDTO.name,name]; arguments []; default message [name],[Ljakarta.validation.constraints.Pattern$Flag;@1ea0003f,[A-Z][a-z]+\s[A-Z][a-z]+]; default message [Name should be exactly 2 words!]] 
11-Jul-2025 16:09:39 INFO - Commencing graceful shutdown. Waiting for active requests to complete
11-Jul-2025 16:09:39 INFO - Graceful shutdown complete
11-Jul-2025 16:09:39 INFO - Closing JPA EntityManagerFactory for persistence unit 'default'
11-Jul-2025 16:09:39 INFO - HikariPool-1 - Shutdown initiated...
11-Jul-2025 16:09:39 INFO - HikariPool-1 - Shutdown completed.
11-Jul-2025 16:09:43 INFO - HV000001: Hibernate Validator 8.0.2.Final
11-Jul-2025 16:09:43 INFO - Starting LibraryManagementSystemApplication using Java 21.0.7 with PID 11308 (C:\Users\kolloju.chandan\Downloads\LibraryManagementSystem\target\classes started by kolloju.chandan in C:\Users\kolloju.chandan\Downloads\LibraryManagementSystem)
11-Jul-2025 16:09:43 INFO - No active profile set, falling back to 1 default profile: "default"
11-Jul-2025 16:09:44 INFO - Bootstrapping Spring Data JPA repositories in DEFAULT mode.
11-Jul-2025 16:09:44 INFO - Finished Spring Data repository scanning in 57 ms. Found 5 JPA repository interfaces.
11-Jul-2025 16:09:45 INFO - Tomcat initialized with port 8080 (http)
11-Jul-2025 16:09:45 INFO - Initializing ProtocolHandler ["http-nio-8080"]
11-Jul-2025 16:09:45 INFO - Starting service [Tomcat]
11-Jul-2025 16:09:45 INFO - Starting Servlet engine: [Apache Tomcat/10.1.41]
11-Jul-2025 16:09:45 INFO - Initializing Spring embedded WebApplicationContext
11-Jul-2025 16:09:45 INFO - Root WebApplicationContext: initialization completed in 1423 ms
11-Jul-2025 16:09:45 INFO - HHH000204: Processing PersistenceUnitInfo [name: default]
11-Jul-2025 16:09:45 INFO - HHH000412: Hibernate ORM core version 6.6.15.Final
11-Jul-2025 16:09:45 INFO - HHH000026: Second-level cache disabled
11-Jul-2025 16:09:45 INFO - No LoadTimeWeaver setup: ignoring JPA class transformer
11-Jul-2025 16:09:45 INFO - HikariPool-1 - Starting...
11-Jul-2025 16:09:46 INFO - HikariPool-1 - Added connection org.postgresql.jdbc.PgConnection@36665c11
11-Jul-2025 16:09:46 INFO - HikariPool-1 - Start completed.
11-Jul-2025 16:09:46 INFO - HHH10001005: Database info:
	Database JDBC URL [Connecting through datasource 'HikariDataSource (HikariPool-1)']
	Database driver: undefined/unknown
	Database version: 17.5
	Autocommit mode: undefined/unknown
	Isolation level: undefined/unknown
	Minimum pool size: undefined/unknown
	Maximum pool size: undefined/unknown
11-Jul-2025 16:09:47 INFO - HHH000489: No JTA platform available (set 'hibernate.transaction.jta.platform' to enable JTA platform integration)
11-Jul-2025 16:09:47 INFO - Initialized JPA EntityManagerFactory for persistence unit 'default'
11-Jul-2025 16:09:47 WARN - spring.jpa.open-in-view is enabled by default. Therefore, database queries may be performed during view rendering. Explicitly configure spring.jpa.open-in-view to disable this warning
11-Jul-2025 16:09:48 INFO - Starting ProtocolHandler ["http-nio-8080"]
11-Jul-2025 16:09:48 INFO - Tomcat started on port 8080 (http) with context path '/'
11-Jul-2025 16:09:48 INFO - Started LibraryManagementSystemApplication in 4.784 seconds (process running for 5.593)
11-Jul-2025 16:09:55 INFO - Initializing Spring DispatcherServlet 'dispatcherServlet'
11-Jul-2025 16:09:55 INFO - Initializing Servlet 'dispatcherServlet'
11-Jul-2025 16:09:55 INFO - Completed initialization in 0 ms
11-Jul-2025 19:27:13 WARN - HikariPool-1 - Thread starvation or clock leap detected (housekeeper delta=2h46m56s692ms861µs100ns).
11-Jul-2025 19:43:44 INFO - Commencing graceful shutdown. Waiting for active requests to complete
11-Jul-2025 19:43:44 INFO - Graceful shutdown complete
11-Jul-2025 19:43:45 INFO - Closing JPA EntityManagerFactory for persistence unit 'default'
11-Jul-2025 19:43:45 INFO - HikariPool-1 - Shutdown initiated...
11-Jul-2025 19:43:45 INFO - HikariPool-1 - Shutdown completed.
